<beans xmlns="http://www.springframework.org/schema/beans"
       xmlns:xsi="http://www.w3.org/2001/XMLSchema-instance"
       xmlns:ctx="http://www.springframework.org/schema/context"
       xmlns:tx="http://www.springframework.org/schema/tx"
       xsi:schemaLocation="
http://www.springframework.org/schema/beans
http://www.springframework.org/schema/beans/spring-beans-2.5.xsd
http://www.springframework.org/schema/context
http://www.springframework.org/schema/context/spring-context-2.5.xsd
http://www.springframework.org/schema/tx
http://www.springframework.org/schema/tx/spring-tx-2.5.xsd">

  <import resource="classpath:test-tx-explicit.xml"/>

  <bean id="flowPurgerMBean" class="org.openehealth.ipf.commons.flow.jmx.FlowPurgerMBean">
    <property name="application" value="test" />
    <property name="scheduler" ref="purgerScheduler" />
  </bean>
  
  <bean id="purgerScheduler"
    class="org.springframework.scheduling.quartz.SchedulerFactoryBean" lazy-init="false">
    <property name="schedulerName" value="FlowPurgerScheduler" />
    <property name="quartzProperties">
      <props>
        <prop key="org.quartz.threadPool.threadCount">1</prop>
      </props>
    </property>
  </bean>
  
</beans>
